mode: set
github.com/limistah/monlang/cmd/monlang/main.go:10.13,12.16 2 0
github.com/limistah/monlang/cmd/monlang/main.go:12.16,13.13 1 0
github.com/limistah/monlang/cmd/monlang/main.go:16.2,18.33 3 0
github.com/limistah/monlang/packages/repl/repl.go:14.41,16.6 2 0
github.com/limistah/monlang/packages/repl/repl.go:16.6,19.15 3 0
github.com/limistah/monlang/packages/repl/repl.go:19.15,21.4 1 0
github.com/limistah/monlang/packages/repl/repl.go:23.3,26.72 3 0
github.com/limistah/monlang/packages/repl/repl.go:26.72,28.4 1 0
github.com/limistah/monlang/packages/token/token.go:60.42,61.36 1 0
github.com/limistah/monlang/packages/token/token.go:61.36,63.3 1 0
github.com/limistah/monlang/packages/token/token.go:64.2,64.14 1 0
github.com/limistah/monlang/packages/ast/ast.go:27.41,28.27 1 0
github.com/limistah/monlang/packages/ast/ast.go:28.27,30.3 1 0
github.com/limistah/monlang/packages/ast/ast.go:30.8,32.3 1 0
github.com/limistah/monlang/packages/ast/ast.go:35.34,37.33 2 1
github.com/limistah/monlang/packages/ast/ast.go:37.33,39.3 1 1
github.com/limistah/monlang/packages/ast/ast.go:40.2,40.21 1 1
github.com/limistah/monlang/packages/ast/ast.go:48.44,50.2 1 0
github.com/limistah/monlang/packages/ast/ast.go:52.38,54.2 1 1
github.com/limistah/monlang/packages/ast/ast.go:56.39,58.2 0 0
github.com/limistah/monlang/packages/ast/ast.go:66.42,68.2 0 0
github.com/limistah/monlang/packages/ast/ast.go:70.47,72.2 1 1
github.com/limistah/monlang/packages/ast/ast.go:74.41,81.21 5 1
github.com/limistah/monlang/packages/ast/ast.go:81.21,83.3 1 1
github.com/limistah/monlang/packages/ast/ast.go:84.2,86.21 2 1
github.com/limistah/monlang/packages/ast/ast.go:94.51,94.52 0 0
github.com/limistah/monlang/packages/ast/ast.go:95.50,95.77 1 0
github.com/limistah/monlang/packages/ast/ast.go:97.44,102.27 3 0
github.com/limistah/monlang/packages/ast/ast.go:102.27,104.3 1 0
github.com/limistah/monlang/packages/ast/ast.go:105.2,107.21 2 0
github.com/limistah/monlang/packages/ast/ast.go:115.49,117.2 0 0
github.com/limistah/monlang/packages/ast/ast.go:119.54,121.2 1 0
github.com/limistah/monlang/packages/ast/ast.go:123.48,124.26 1 0
github.com/limistah/monlang/packages/ast/ast.go:124.26,126.3 1 0
github.com/limistah/monlang/packages/ast/ast.go:127.2,127.11 1 0
github.com/limistah/monlang/packages/ast/ast.go:135.49,137.2 1 0
github.com/limistah/monlang/packages/ast/ast.go:139.43,141.2 1 0
github.com/limistah/monlang/packages/ast/ast.go:143.44,143.45 0 0
github.com/limistah/monlang/packages/ast/ast.go:151.47,151.48 0 0
github.com/limistah/monlang/packages/ast/ast.go:153.51,155.2 1 0
github.com/limistah/monlang/packages/ast/ast.go:157.45,166.2 6 0
github.com/limistah/monlang/packages/ast/ast.go:175.46,175.47 0 0
github.com/limistah/monlang/packages/ast/ast.go:177.50,179.2 1 0
github.com/limistah/monlang/packages/ast/ast.go:181.44,191.2 7 0
github.com/limistah/monlang/packages/ast/ast.go:198.42,198.43 0 0
github.com/limistah/monlang/packages/ast/ast.go:199.41,199.67 1 0
github.com/limistah/monlang/packages/ast/ast.go:200.41,200.67 1 0
github.com/limistah/monlang/packages/token/token.go:60.42,61.36 1 0
github.com/limistah/monlang/packages/token/token.go:61.36,63.3 1 0
github.com/limistah/monlang/packages/token/token.go:64.2,64.14 1 0
github.com/limistah/monlang/packages/lexer/lexer.go:14.31,18.2 3 1
github.com/limistah/monlang/packages/lexer/lexer.go:20.28,21.36 1 1
github.com/limistah/monlang/packages/lexer/lexer.go:21.36,23.3 1 1
github.com/limistah/monlang/packages/lexer/lexer.go:23.8,25.3 1 1
github.com/limistah/monlang/packages/lexer/lexer.go:26.2,27.21 2 1
github.com/limistah/monlang/packages/lexer/lexer.go:30.63,32.2 1 1
github.com/limistah/monlang/packages/lexer/lexer.go:34.41,39.14 3 1
github.com/limistah/monlang/packages/lexer/lexer.go:40.11,41.26 1 1
github.com/limistah/monlang/packages/lexer/lexer.go:41.26,45.4 3 1
github.com/limistah/monlang/packages/lexer/lexer.go:45.9,47.4 1 1
github.com/limistah/monlang/packages/lexer/lexer.go:48.11,49.35 1 1
github.com/limistah/monlang/packages/lexer/lexer.go:50.11,51.36 1 1
github.com/limistah/monlang/packages/lexer/lexer.go:52.11,53.26 1 1
github.com/limistah/monlang/packages/lexer/lexer.go:53.26,57.4 3 1
github.com/limistah/monlang/packages/lexer/lexer.go:57.9,59.4 1 1
github.com/limistah/monlang/packages/lexer/lexer.go:60.11,61.39 1 1
github.com/limistah/monlang/packages/lexer/lexer.go:62.11,63.36 1 1
github.com/limistah/monlang/packages/lexer/lexer.go:64.11,65.33 1 1
github.com/limistah/monlang/packages/lexer/lexer.go:66.11,67.33 1 1
github.com/limistah/monlang/packages/lexer/lexer.go:68.11,69.40 1 1
github.com/limistah/monlang/packages/lexer/lexer.go:70.11,71.37 1 1
github.com/limistah/monlang/packages/lexer/lexer.go:72.11,73.37 1 1
github.com/limistah/monlang/packages/lexer/lexer.go:74.11,75.36 1 1
github.com/limistah/monlang/packages/lexer/lexer.go:76.11,77.37 1 1
github.com/limistah/monlang/packages/lexer/lexer.go:78.11,79.37 1 1
github.com/limistah/monlang/packages/lexer/lexer.go:80.9,82.23 2 1
github.com/limistah/monlang/packages/lexer/lexer.go:83.10,84.21 1 1
github.com/limistah/monlang/packages/lexer/lexer.go:84.21,88.4 3 1
github.com/limistah/monlang/packages/lexer/lexer.go:88.9,88.27 1 1
github.com/limistah/monlang/packages/lexer/lexer.go:88.27,92.4 3 1
github.com/limistah/monlang/packages/lexer/lexer.go:92.9,94.4 1 0
github.com/limistah/monlang/packages/lexer/lexer.go:96.2,98.12 2 1
github.com/limistah/monlang/packages/lexer/lexer.go:101.34,102.66 1 1
github.com/limistah/monlang/packages/lexer/lexer.go:102.66,104.3 1 1
github.com/limistah/monlang/packages/lexer/lexer.go:107.41,109.21 2 1
github.com/limistah/monlang/packages/lexer/lexer.go:109.21,111.3 1 1
github.com/limistah/monlang/packages/lexer/lexer.go:112.2,112.37 1 1
github.com/limistah/monlang/packages/lexer/lexer.go:115.37,117.20 2 1
github.com/limistah/monlang/packages/lexer/lexer.go:117.20,119.3 1 1
github.com/limistah/monlang/packages/lexer/lexer.go:120.2,120.32 1 1
github.com/limistah/monlang/packages/lexer/lexer.go:123.33,124.36 1 1
github.com/limistah/monlang/packages/lexer/lexer.go:124.36,126.3 1 0
github.com/limistah/monlang/packages/lexer/lexer.go:126.8,128.3 1 1
github.com/limistah/monlang/packages/lexer/lexer.go:131.28,133.2 1 1
github.com/limistah/monlang/packages/lexer/lexer.go:135.29,137.2 1 1
github.com/limistah/monlang/packages/token/token.go:60.42,61.36 1 1
github.com/limistah/monlang/packages/token/token.go:61.36,63.3 1 1
github.com/limistah/monlang/packages/token/token.go:64.2,64.14 1 1
github.com/limistah/monlang/packages/parser/parser.go:49.34,74.2 20 1
github.com/limistah/monlang/packages/parser/parser.go:76.46,80.35 3 1
github.com/limistah/monlang/packages/parser/parser.go:80.35,82.18 2 1
github.com/limistah/monlang/packages/parser/parser.go:82.18,84.4 1 1
github.com/limistah/monlang/packages/parser/parser.go:85.3,85.16 1 1
github.com/limistah/monlang/packages/parser/parser.go:87.2,87.16 1 1
github.com/limistah/monlang/packages/parser/parser.go:90.36,92.2 1 1
github.com/limistah/monlang/packages/parser/parser.go:94.57,99.2 4 1
github.com/limistah/monlang/packages/parser/parser.go:101.75,107.2 5 1
github.com/limistah/monlang/packages/parser/parser.go:109.51,111.2 1 1
github.com/limistah/monlang/packages/parser/parser.go:113.30,116.2 2 1
github.com/limistah/monlang/packages/parser/parser.go:118.49,119.25 1 1
github.com/limistah/monlang/packages/parser/parser.go:120.17,121.31 1 1
github.com/limistah/monlang/packages/parser/parser.go:122.20,123.34 1 1
github.com/limistah/monlang/packages/parser/parser.go:124.10,125.38 1 1
github.com/limistah/monlang/packages/parser/parser.go:129.56,132.32 2 1
github.com/limistah/monlang/packages/parser/parser.go:132.32,134.3 1 0
github.com/limistah/monlang/packages/parser/parser.go:136.2,137.33 2 1
github.com/limistah/monlang/packages/parser/parser.go:137.33,139.3 1 0
github.com/limistah/monlang/packages/parser/parser.go:141.2,141.37 1 1
github.com/limistah/monlang/packages/parser/parser.go:141.37,143.3 1 1
github.com/limistah/monlang/packages/parser/parser.go:145.2,145.13 1 1
github.com/limistah/monlang/packages/parser/parser.go:148.62,153.37 3 1
github.com/limistah/monlang/packages/parser/parser.go:153.37,155.3 1 1
github.com/limistah/monlang/packages/parser/parser.go:157.2,157.13 1 1
github.com/limistah/monlang/packages/parser/parser.go:161.53,163.2 1 1
github.com/limistah/monlang/packages/parser/parser.go:165.54,167.2 1 1
github.com/limistah/monlang/packages/parser/parser.go:169.53,170.22 1 1
github.com/limistah/monlang/packages/parser/parser.go:170.22,173.3 2 1
github.com/limistah/monlang/packages/parser/parser.go:173.8,176.3 2 0
github.com/limistah/monlang/packages/parser/parser.go:179.47,182.2 2 0
github.com/limistah/monlang/packages/parser/parser.go:184.39,185.48 1 1
github.com/limistah/monlang/packages/parser/parser.go:185.48,187.3 1 1
github.com/limistah/monlang/packages/parser/parser.go:188.2,188.15 1 1
github.com/limistah/monlang/packages/parser/parser.go:191.38,192.47 1 1
github.com/limistah/monlang/packages/parser/parser.go:192.47,194.3 1 1
github.com/limistah/monlang/packages/parser/parser.go:195.2,195.15 1 0
github.com/limistah/monlang/packages/parser/parser.go:198.48,200.2 1 1
github.com/limistah/monlang/packages/parser/parser.go:202.70,205.36 3 1
github.com/limistah/monlang/packages/parser/parser.go:205.36,207.3 1 1
github.com/limistah/monlang/packages/parser/parser.go:208.2,208.13 1 1
github.com/limistah/monlang/packages/parser/parser.go:211.65,213.19 2 1
github.com/limistah/monlang/packages/parser/parser.go:213.19,216.3 2 1
github.com/limistah/monlang/packages/parser/parser.go:217.2,218.73 2 1
github.com/limistah/monlang/packages/parser/parser.go:218.73,220.19 2 1
github.com/limistah/monlang/packages/parser/parser.go:220.19,222.4 1 0
github.com/limistah/monlang/packages/parser/parser.go:223.3,224.27 2 1
github.com/limistah/monlang/packages/parser/parser.go:226.2,226.16 1 1
github.com/limistah/monlang/packages/parser/parser.go:229.55,233.16 3 1
github.com/limistah/monlang/packages/parser/parser.go:233.16,237.3 3 0
github.com/limistah/monlang/packages/parser/parser.go:238.2,239.19 2 1
github.com/limistah/monlang/packages/parser/parser.go:239.19,241.3 1 0
github.com/limistah/monlang/packages/parser/parser.go:242.2,244.12 2 1
github.com/limistah/monlang/packages/parser/parser.go:247.78,249.2 1 1
github.com/limistah/monlang/packages/parser/parser.go:251.76,253.2 1 1
github.com/limistah/monlang/packages/parser/parser.go:255.57,258.2 2 1
github.com/limistah/monlang/packages/token/token.go:60.42,61.36 1 1
github.com/limistah/monlang/packages/token/token.go:61.36,63.3 1 1
github.com/limistah/monlang/packages/token/token.go:64.2,64.14 1 1
